2021-11-22 22:49:53.048  INFO edu.citik.EndpointApplication            : Starting EndpointApplication using Java 11.0.12 on avtimofeev-Nitro-AN515-44 with PID 13498 (/home/avtimofeev/IdeaProjects/backendv3/target/classes started by avtimofeev in /home/avtimofeev/IdeaProjects/backendv3)
2021-11-22 22:49:53.052  INFO edu.citik.EndpointApplication            : The following profiles are active: dev
2021-11-22 22:49:54.992  INFO .s.d.r.c.RepositoryConfigurationDelegate : Bootstrapping Spring Data MongoDB repositories in DEFAULT mode.
2021-11-22 22:49:55.018  INFO .s.d.r.c.RepositoryConfigurationDelegate : Finished Spring Data repository scanning in 13 ms. Found 0 MongoDB repository interfaces.
2021-11-22 22:49:55.920  INFO o.s.b.w.embedded.tomcat.TomcatWebServer  : Tomcat initialized with port(s): 8080 (http)
2021-11-22 22:49:55.935  INFO o.a.coyote.http11.Http11NioProtocol      : Initializing ProtocolHandler ["http-nio-8080"]
2021-11-22 22:49:55.936  INFO o.apache.catalina.core.StandardService   : Starting service [Tomcat]
2021-11-22 22:49:55.936  INFO org.apache.catalina.core.StandardEngine  : Starting Servlet engine: [Apache Tomcat/9.0.54]
2021-11-22 22:49:56.026  INFO o.a.c.c.C.[Tomcat].[localhost].[/]       : Initializing Spring embedded WebApplicationContext
2021-11-22 22:49:56.026  INFO w.s.c.ServletWebServerApplicationContext : Root WebApplicationContext: initialization completed in 2872 ms
2021-11-22 22:49:56.247  INFO org.mongodb.driver.cluster               : Cluster created with settings {hosts=[localhost:27017], mode=SINGLE, requiredClusterType=UNKNOWN, serverSelectionTimeout='30000 ms'}
2021-11-22 22:49:56.599  INFO org.mongodb.driver.connection            : Opened connection [connectionId{localValue:2, serverValue:5}] to localhost:27017
2021-11-22 22:49:56.599  INFO org.mongodb.driver.connection            : Opened connection [connectionId{localValue:1, serverValue:6}] to localhost:27017
2021-11-22 22:49:56.602  INFO org.mongodb.driver.cluster               : Monitor thread successfully connected to server with description ServerDescription{address=localhost:27017, type=STANDALONE, state=CONNECTED, ok=true, minWireVersion=0, maxWireVersion=8, maxDocumentSize=16777216, logicalSessionTimeoutMinutes=30, roundTripTimeNanos=289807909}
2021-11-22 22:49:58.263  INFO o.a.coyote.http11.Http11NioProtocol      : Starting ProtocolHandler ["http-nio-8080"]
2021-11-22 22:49:58.269  WARN ConfigServletWebServerApplicationContext : Exception encountered during context initialization - cancelling refresh attempt: org.springframework.context.ApplicationContextException: Failed to start bean 'webServerStartStop'; nested exception is org.springframework.boot.web.server.PortInUseException: Port 8080 is already in use
2021-11-22 22:49:58.274  INFO o.a.coyote.http11.Http11NioProtocol      : Pausing ProtocolHandler ["http-nio-8080"]
2021-11-22 22:49:58.274  INFO o.apache.catalina.core.StandardService   : Stopping service [Tomcat]
2021-11-22 22:49:58.280  WARN o.a.c.loader.WebappClassLoaderBase       : The web application [ROOT] appears to have started a thread named [cluster-ClusterId{value='619bf464ad1e714c56fcff3f', description='null'}-localhost:27017] but has failed to stop it. This is very likely to create a memory leak. Stack trace of thread:
 java.base@11.0.12/jdk.internal.misc.Unsafe.park(Native Method)
 java.base@11.0.12/java.util.concurrent.locks.LockSupport.parkNanos(LockSupport.java:234)
 java.base@11.0.12/java.util.concurrent.locks.AbstractQueuedSynchronizer$ConditionObject.awaitNanos(AbstractQueuedSynchronizer.java:2123)
 app//com.mongodb.internal.connection.DefaultServerMonitor$ServerMonitorRunnable.waitForSignalOrTimeout(DefaultServerMonitor.java:294)
 app//com.mongodb.internal.connection.DefaultServerMonitor$ServerMonitorRunnable.waitForNext(DefaultServerMonitor.java:275)
 app//com.mongodb.internal.connection.DefaultServerMonitor$ServerMonitorRunnable.run(DefaultServerMonitor.java:170)
 java.base@11.0.12/java.lang.Thread.run(Thread.java:829)
2021-11-22 22:49:58.281  WARN o.a.c.loader.WebappClassLoaderBase       : The web application [ROOT] appears to have started a thread named [cluster-rtt-ClusterId{value='619bf464ad1e714c56fcff3f', description='null'}-localhost:27017] but has failed to stop it. This is very likely to create a memory leak. Stack trace of thread:
 java.base@11.0.12/java.lang.Thread.sleep(Native Method)
 app//com.mongodb.internal.connection.DefaultServerMonitor.waitForNext(DefaultServerMonitor.java:435)
 app//com.mongodb.internal.connection.DefaultServerMonitor.access$1300(DefaultServerMonitor.java:57)
 app//com.mongodb.internal.connection.DefaultServerMonitor$RoundTripTimeRunnable.run(DefaultServerMonitor.java:409)
 java.base@11.0.12/java.lang.Thread.run(Thread.java:829)
2021-11-22 22:49:58.282  INFO o.a.coyote.http11.Http11NioProtocol      : Stopping ProtocolHandler ["http-nio-8080"]
2021-11-22 22:49:58.283  INFO o.a.coyote.http11.Http11NioProtocol      : Destroying ProtocolHandler ["http-nio-8080"]
2021-11-22 22:49:58.292  INFO ConditionEvaluationReportLoggingListener : 

Error starting ApplicationContext. To display the conditions report re-run your application with 'debug' enabled.
2021-11-22 22:49:58.310 ERROR o.s.b.d.LoggingFailureAnalysisReporter   : 

***************************
APPLICATION FAILED TO START
***************************

Description:

Web server failed to start. Port 8080 was already in use.

Action:

Identify and stop the process that's listening on port 8080 or configure this application to listen on another port.

2021-11-22 22:50:06.465  INFO edu.citik.EndpointApplication            : Starting EndpointApplication using Java 11.0.12 on avtimofeev-Nitro-AN515-44 with PID 13615 (/home/avtimofeev/IdeaProjects/backendv3/target/classes started by avtimofeev in /home/avtimofeev/IdeaProjects/backendv3)
2021-11-22 22:50:06.468  INFO edu.citik.EndpointApplication            : The following profiles are active: dev
2021-11-22 22:50:07.125  INFO .s.d.r.c.RepositoryConfigurationDelegate : Bootstrapping Spring Data MongoDB repositories in DEFAULT mode.
2021-11-22 22:50:07.140  INFO .s.d.r.c.RepositoryConfigurationDelegate : Finished Spring Data repository scanning in 10 ms. Found 0 MongoDB repository interfaces.
2021-11-22 22:50:07.574  INFO o.s.b.w.embedded.tomcat.TomcatWebServer  : Tomcat initialized with port(s): 8080 (http)
2021-11-22 22:50:07.581  INFO o.a.coyote.http11.Http11NioProtocol      : Initializing ProtocolHandler ["http-nio-8080"]
2021-11-22 22:50:07.581  INFO o.apache.catalina.core.StandardService   : Starting service [Tomcat]
2021-11-22 22:50:07.582  INFO org.apache.catalina.core.StandardEngine  : Starting Servlet engine: [Apache Tomcat/9.0.54]
2021-11-22 22:50:07.632  INFO o.a.c.c.C.[Tomcat].[localhost].[/]       : Initializing Spring embedded WebApplicationContext
2021-11-22 22:50:07.632  INFO w.s.c.ServletWebServerApplicationContext : Root WebApplicationContext: initialization completed in 1123 ms
2021-11-22 22:50:07.695  INFO org.mongodb.driver.cluster               : Cluster created with settings {hosts=[localhost:27017], mode=SINGLE, requiredClusterType=UNKNOWN, serverSelectionTimeout='30000 ms'}
2021-11-22 22:50:07.740  INFO org.mongodb.driver.connection            : Opened connection [connectionId{localValue:1, serverValue:7}] to localhost:27017
2021-11-22 22:50:07.741  INFO org.mongodb.driver.connection            : Opened connection [connectionId{localValue:2, serverValue:8}] to localhost:27017
2021-11-22 22:50:07.743  INFO org.mongodb.driver.cluster               : Monitor thread successfully connected to server with description ServerDescription{address=localhost:27017, type=STANDALONE, state=CONNECTED, ok=true, minWireVersion=0, maxWireVersion=8, maxDocumentSize=16777216, logicalSessionTimeoutMinutes=30, roundTripTimeNanos=16593524}
2021-11-22 22:50:08.486  INFO o.a.coyote.http11.Http11NioProtocol      : Starting ProtocolHandler ["http-nio-8080"]
2021-11-22 22:50:08.491  WARN ConfigServletWebServerApplicationContext : Exception encountered during context initialization - cancelling refresh attempt: org.springframework.context.ApplicationContextException: Failed to start bean 'webServerStartStop'; nested exception is org.springframework.boot.web.server.PortInUseException: Port 8080 is already in use
2021-11-22 22:50:08.494  INFO o.a.coyote.http11.Http11NioProtocol      : Pausing ProtocolHandler ["http-nio-8080"]
2021-11-22 22:50:08.495  INFO o.apache.catalina.core.StandardService   : Stopping service [Tomcat]
2021-11-22 22:50:08.499  WARN o.a.c.loader.WebappClassLoaderBase       : The web application [ROOT] appears to have started a thread named [cluster-ClusterId{value='619bf46ffcc0c61d9ac1569e', description='null'}-localhost:27017] but has failed to stop it. This is very likely to create a memory leak. Stack trace of thread:
 java.base@11.0.12/jdk.internal.misc.Unsafe.park(Native Method)
 java.base@11.0.12/java.util.concurrent.locks.LockSupport.parkNanos(LockSupport.java:234)
 java.base@11.0.12/java.util.concurrent.locks.AbstractQueuedSynchronizer$ConditionObject.awaitNanos(AbstractQueuedSynchronizer.java:2123)
 app//com.mongodb.internal.connection.DefaultServerMonitor$ServerMonitorRunnable.waitForSignalOrTimeout(DefaultServerMonitor.java:294)
 app//com.mongodb.internal.connection.DefaultServerMonitor$ServerMonitorRunnable.waitForNext(DefaultServerMonitor.java:275)
 app//com.mongodb.internal.connection.DefaultServerMonitor$ServerMonitorRunnable.run(DefaultServerMonitor.java:170)
 java.base@11.0.12/java.lang.Thread.run(Thread.java:829)
2021-11-22 22:50:08.500  WARN o.a.c.loader.WebappClassLoaderBase       : The web application [ROOT] appears to have started a thread named [cluster-rtt-ClusterId{value='619bf46ffcc0c61d9ac1569e', description='null'}-localhost:27017] but has failed to stop it. This is very likely to create a memory leak. Stack trace of thread:
 java.base@11.0.12/java.lang.Thread.sleep(Native Method)
 app//com.mongodb.internal.connection.DefaultServerMonitor.waitForNext(DefaultServerMonitor.java:435)
 app//com.mongodb.internal.connection.DefaultServerMonitor.access$1300(DefaultServerMonitor.java:57)
 app//com.mongodb.internal.connection.DefaultServerMonitor$RoundTripTimeRunnable.run(DefaultServerMonitor.java:409)
 java.base@11.0.12/java.lang.Thread.run(Thread.java:829)
2021-11-22 22:50:08.501  INFO o.a.coyote.http11.Http11NioProtocol      : Stopping ProtocolHandler ["http-nio-8080"]
2021-11-22 22:50:08.502  INFO o.a.coyote.http11.Http11NioProtocol      : Destroying ProtocolHandler ["http-nio-8080"]
2021-11-22 22:50:08.508  INFO ConditionEvaluationReportLoggingListener : 

Error starting ApplicationContext. To display the conditions report re-run your application with 'debug' enabled.
2021-11-22 22:50:08.517 ERROR o.s.b.d.LoggingFailureAnalysisReporter   : 

***************************
APPLICATION FAILED TO START
***************************

Description:

Web server failed to start. Port 8080 was already in use.

Action:

Identify and stop the process that's listening on port 8080 or configure this application to listen on another port.

2021-11-22 22:50:35.467  INFO edu.citik.EndpointApplication            : Starting EndpointApplication using Java 11.0.12 on avtimofeev-Nitro-AN515-44 with PID 13719 (/home/avtimofeev/IdeaProjects/backendv3/target/classes started by avtimofeev in /home/avtimofeev/IdeaProjects/backendv3)
2021-11-22 22:50:35.471  INFO edu.citik.EndpointApplication            : The following profiles are active: dev
2021-11-22 22:50:36.060  INFO .s.d.r.c.RepositoryConfigurationDelegate : Bootstrapping Spring Data MongoDB repositories in DEFAULT mode.
2021-11-22 22:50:36.071  INFO .s.d.r.c.RepositoryConfigurationDelegate : Finished Spring Data repository scanning in 6 ms. Found 0 MongoDB repository interfaces.
2021-11-22 22:50:36.488  INFO o.s.b.w.embedded.tomcat.TomcatWebServer  : Tomcat initialized with port(s): 8081 (http)
2021-11-22 22:50:36.498  INFO o.a.coyote.http11.Http11NioProtocol      : Initializing ProtocolHandler ["http-nio-8081"]
2021-11-22 22:50:36.498  INFO o.apache.catalina.core.StandardService   : Starting service [Tomcat]
2021-11-22 22:50:36.499  INFO org.apache.catalina.core.StandardEngine  : Starting Servlet engine: [Apache Tomcat/9.0.54]
2021-11-22 22:50:36.558  INFO o.a.c.c.C.[Tomcat].[localhost].[/]       : Initializing Spring embedded WebApplicationContext
2021-11-22 22:50:36.558  INFO w.s.c.ServletWebServerApplicationContext : Root WebApplicationContext: initialization completed in 1048 ms
2021-11-22 22:50:36.629  INFO org.mongodb.driver.cluster               : Cluster created with settings {hosts=[localhost:27017], mode=SINGLE, requiredClusterType=UNKNOWN, serverSelectionTimeout='30000 ms'}
2021-11-22 22:50:36.673  INFO org.mongodb.driver.connection            : Opened connection [connectionId{localValue:1, serverValue:10}] to localhost:27017
2021-11-22 22:50:36.673  INFO org.mongodb.driver.connection            : Opened connection [connectionId{localValue:2, serverValue:9}] to localhost:27017
2021-11-22 22:50:36.674  INFO org.mongodb.driver.cluster               : Monitor thread successfully connected to server with description ServerDescription{address=localhost:27017, type=STANDALONE, state=CONNECTED, ok=true, minWireVersion=0, maxWireVersion=8, maxDocumentSize=16777216, logicalSessionTimeoutMinutes=30, roundTripTimeNanos=13253788}
2021-11-22 22:50:37.348  INFO o.a.coyote.http11.Http11NioProtocol      : Starting ProtocolHandler ["http-nio-8081"]
2021-11-22 22:50:37.571  INFO o.s.b.w.embedded.tomcat.TomcatWebServer  : Tomcat started on port(s): 8081 (http) with context path ''
2021-11-22 22:50:37.582  INFO edu.citik.EndpointApplication            : Started EndpointApplication in 2.53 seconds (JVM running for 3.104)
2021-11-22 22:50:48.399  INFO o.a.c.c.C.[Tomcat].[localhost].[/]       : Initializing Spring DispatcherServlet 'dispatcherServlet'
2021-11-22 22:50:48.400  INFO o.s.web.servlet.DispatcherServlet        : Initializing Servlet 'dispatcherServlet'
2021-11-22 22:50:48.400  INFO o.s.web.servlet.DispatcherServlet        : Completed initialization in 0 ms
2021-11-22 22:50:52.260  INFO org.mongodb.driver.connection            : Closed connection [connectionId{localValue:3}] to localhost:27017 because there was a socket exception raised by this connection.
2021-11-22 22:50:52.266  WARN g.e.SimpleDataFetcherExceptionHandler    : Exception while fetching data (/getEmployees) : Exception authenticating MongoCredential{mechanism=SCRAM-SHA-1, userName='admin', source='practice', password=<hidden>, mechanismProperties=<hidden>}; nested exception is com.mongodb.MongoSecurityException: Exception authenticating MongoCredential{mechanism=SCRAM-SHA-1, userName='admin', source='practice', password=<hidden>, mechanismProperties=<hidden>}
org.springframework.data.mongodb.UncategorizedMongoDbException: Exception authenticating MongoCredential{mechanism=SCRAM-SHA-1, userName='admin', source='practice', password=<hidden>, mechanismProperties=<hidden>}; nested exception is com.mongodb.MongoSecurityException: Exception authenticating MongoCredential{mechanism=SCRAM-SHA-1, userName='admin', source='practice', password=<hidden>, mechanismProperties=<hidden>}
	at org.springframework.data.mongodb.core.MongoExceptionTranslator.translateExceptionIfPossible(MongoExceptionTranslator.java:140)
	at org.springframework.data.mongodb.core.MongoTemplate.potentiallyConvertRuntimeException(MongoTemplate.java:2899)
	at org.springframework.data.mongodb.core.MongoTemplate.executeFindMultiInternal(MongoTemplate.java:2824)
	at org.springframework.data.mongodb.core.MongoTemplate.findAll(MongoTemplate.java:1779)
	at org.springframework.data.mongodb.core.MongoTemplate.findAll(MongoTemplate.java:1774)
	at edu.citik.repository.impl.EmployeeRepositoryImpl.findAll(EmployeeRepositoryImpl.java:34)
	at edu.citik.service.impl.EmployeeService.findAll(EmployeeService.java:44)
	at edu.citik.resolver.employee.EmployeeQuery.getEmployees(EmployeeQuery.java:17)
	at edu.citik.resolver.employee.EmployeeQueryMethodAccess.invoke(Unknown Source)
	at com.coxautodev.graphql.tools.MethodFieldResolverDataFetcher.get(MethodFieldResolver.kt:146)
	at graphql.execution.ExecutionStrategy.fetchField(ExecutionStrategy.java:258)
	at graphql.execution.ExecutionStrategy.resolveFieldWithInfo(ExecutionStrategy.java:199)
	at graphql.execution.AsyncExecutionStrategy.execute(AsyncExecutionStrategy.java:70)
	at graphql.execution.Execution.executeOperation(Execution.java:158)
	at graphql.execution.Execution.execute(Execution.java:100)
	at graphql.GraphQL.execute(GraphQL.java:554)
	at graphql.GraphQL.parseValidateAndExecute(GraphQL.java:496)
	at graphql.GraphQL.executeAsync(GraphQL.java:470)
	at graphql.GraphQL.execute(GraphQL.java:401)
	at graphql.servlet.GraphQLQueryInvoker.query(GraphQLQueryInvoker.java:92)
	at graphql.servlet.GraphQLQueryInvoker.query(GraphQLQueryInvoker.java:88)
	at graphql.servlet.GraphQLQueryInvoker.query(GraphQLQueryInvoker.java:39)
	at graphql.servlet.AbstractGraphQLHttpServlet.query(AbstractGraphQLHttpServlet.java:265)
	at graphql.servlet.AbstractGraphQLHttpServlet.lambda$new$2(AbstractGraphQLHttpServlet.java:183)
	at graphql.servlet.AbstractGraphQLHttpServlet.doRequest(AbstractGraphQLHttpServlet.java:236)
	at graphql.servlet.AbstractGraphQLHttpServlet.doRequestAsync(AbstractGraphQLHttpServlet.java:227)
	at graphql.servlet.AbstractGraphQLHttpServlet.doPost(AbstractGraphQLHttpServlet.java:257)
	at javax.servlet.http.HttpServlet.service(HttpServlet.java:681)
	at javax.servlet.http.HttpServlet.service(HttpServlet.java:764)
	at org.apache.catalina.core.ApplicationFilterChain.internalDoFilter(ApplicationFilterChain.java:227)
	at org.apache.catalina.core.ApplicationFilterChain.doFilter(ApplicationFilterChain.java:162)
	at org.apache.tomcat.websocket.server.WsFilter.doFilter(WsFilter.java:53)
	at org.apache.catalina.core.ApplicationFilterChain.internalDoFilter(ApplicationFilterChain.java:189)
	at org.apache.catalina.core.ApplicationFilterChain.doFilter(ApplicationFilterChain.java:162)
	at org.springframework.web.filter.CorsFilter.doFilterInternal(CorsFilter.java:91)
	at org.springframework.web.filter.OncePerRequestFilter.doFilter(OncePerRequestFilter.java:119)
	at org.apache.catalina.core.ApplicationFilterChain.internalDoFilter(ApplicationFilterChain.java:189)
	at org.apache.catalina.core.ApplicationFilterChain.doFilter(ApplicationFilterChain.java:162)
	at org.springframework.web.filter.RequestContextFilter.doFilterInternal(RequestContextFilter.java:100)
	at org.springframework.web.filter.OncePerRequestFilter.doFilter(OncePerRequestFilter.java:119)
	at org.apache.catalina.core.ApplicationFilterChain.internalDoFilter(ApplicationFilterChain.java:189)
	at org.apache.catalina.core.ApplicationFilterChain.doFilter(ApplicationFilterChain.java:162)
	at org.springframework.web.filter.FormContentFilter.doFilterInternal(FormContentFilter.java:93)
	at org.springframework.web.filter.OncePerRequestFilter.doFilter(OncePerRequestFilter.java:119)
	at org.apache.catalina.core.ApplicationFilterChain.internalDoFilter(ApplicationFilterChain.java:189)
	at org.apache.catalina.core.ApplicationFilterChain.doFilter(ApplicationFilterChain.java:162)
	at org.springframework.web.filter.CharacterEncodingFilter.doFilterInternal(CharacterEncodingFilter.java:201)
	at org.springframework.web.filter.OncePerRequestFilter.doFilter(OncePerRequestFilter.java:119)
	at org.apache.catalina.core.ApplicationFilterChain.internalDoFilter(ApplicationFilterChain.java:189)
	at org.apache.catalina.core.ApplicationFilterChain.doFilter(ApplicationFilterChain.java:162)
	at org.apache.catalina.core.StandardWrapperValve.invoke(StandardWrapperValve.java:197)
	at org.apache.catalina.core.StandardContextValve.invoke(StandardContextValve.java:97)
	at org.apache.catalina.authenticator.AuthenticatorBase.invoke(AuthenticatorBase.java:540)
	at org.apache.catalina.core.StandardHostValve.invoke(StandardHostValve.java:135)
	at org.apache.catalina.valves.ErrorReportValve.invoke(ErrorReportValve.java:92)
	at org.apache.catalina.core.StandardEngineValve.invoke(StandardEngineValve.java:78)
	at org.apache.catalina.connector.CoyoteAdapter.service(CoyoteAdapter.java:357)
	at org.apache.coyote.http11.Http11Processor.service(Http11Processor.java:382)
	at org.apache.coyote.AbstractProcessorLight.process(AbstractProcessorLight.java:65)
	at org.apache.coyote.AbstractProtocol$ConnectionHandler.process(AbstractProtocol.java:895)
	at org.apache.tomcat.util.net.NioEndpoint$SocketProcessor.doRun(NioEndpoint.java:1722)
	at org.apache.tomcat.util.net.SocketProcessorBase.run(SocketProcessorBase.java:49)
	at org.apache.tomcat.util.threads.ThreadPoolExecutor.runWorker(ThreadPoolExecutor.java:1191)
	at org.apache.tomcat.util.threads.ThreadPoolExecutor$Worker.run(ThreadPoolExecutor.java:659)
	at org.apache.tomcat.util.threads.TaskThread$WrappingRunnable.run(TaskThread.java:61)
	at java.base/java.lang.Thread.run(Thread.java:829)
Caused by: com.mongodb.MongoSecurityException: Exception authenticating MongoCredential{mechanism=SCRAM-SHA-1, userName='admin', source='practice', password=<hidden>, mechanismProperties=<hidden>}
	at com.mongodb.internal.connection.SaslAuthenticator.wrapException(SaslAuthenticator.java:271)
	at com.mongodb.internal.connection.SaslAuthenticator.getNextSaslResponse(SaslAuthenticator.java:136)
	at com.mongodb.internal.connection.SaslAuthenticator.access$100(SaslAuthenticator.java:47)
	at com.mongodb.internal.connection.SaslAuthenticator$1.run(SaslAuthenticator.java:62)
	at com.mongodb.internal.connection.SaslAuthenticator$1.run(SaslAuthenticator.java:56)
	at com.mongodb.internal.connection.SaslAuthenticator.doAsSubject(SaslAuthenticator.java:278)
	at com.mongodb.internal.connection.SaslAuthenticator.authenticate(SaslAuthenticator.java:56)
	at com.mongodb.internal.connection.DefaultAuthenticator.authenticate(DefaultAuthenticator.java:53)
	at com.mongodb.internal.connection.InternalStreamConnectionInitializer.authenticate(InternalStreamConnectionInitializer.java:168)
	at com.mongodb.internal.connection.InternalStreamConnectionInitializer.initialize(InternalStreamConnectionInitializer.java:63)
	at com.mongodb.internal.connection.InternalStreamConnection.open(InternalStreamConnection.java:144)
	at com.mongodb.internal.connection.UsageTrackingInternalConnection.open(UsageTrackingInternalConnection.java:51)
	at com.mongodb.internal.connection.DefaultConnectionPool$PooledConnection.open(DefaultConnectionPool.java:431)
	at com.mongodb.internal.connection.DefaultConnectionPool.get(DefaultConnectionPool.java:115)
	at com.mongodb.internal.connection.DefaultConnectionPool.get(DefaultConnectionPool.java:100)
	at com.mongodb.internal.connection.DefaultServer.getConnection(DefaultServer.java:96)
	at com.mongodb.internal.binding.ClusterBinding$ClusterBindingConnectionSource.getConnection(ClusterBinding.java:123)
	at com.mongodb.client.internal.ClientSessionBinding$SessionBindingConnectionSource.getConnection(ClientSessionBinding.java:135)
	at com.mongodb.internal.operation.FindOperation$1.call(FindOperation.java:655)
	at com.mongodb.internal.operation.FindOperation$1.call(FindOperation.java:652)
	at com.mongodb.internal.operation.OperationHelper.withReadConnectionSource(OperationHelper.java:583)
	at com.mongodb.internal.operation.FindOperation.execute(FindOperation.java:652)
	at com.mongodb.internal.operation.FindOperation.execute(FindOperation.java:80)
	at com.mongodb.client.internal.MongoClientDelegate$DelegateOperationExecutor.execute(MongoClientDelegate.java:170)
	at com.mongodb.client.internal.MongoIterableImpl.execute(MongoIterableImpl.java:135)
	at com.mongodb.client.internal.MongoIterableImpl.iterator(MongoIterableImpl.java:92)
	at org.springframework.data.mongodb.core.MongoTemplate.executeFindMultiInternal(MongoTemplate.java:2807)
	... 63 common frames omitted
Caused by: com.mongodb.MongoCommandException: Command failed with error 18 (AuthenticationFailed): 'Authentication failed.' on server localhost:27017. The full response is {"ok": 0.0, "errmsg": "Authentication failed.", "code": 18, "codeName": "AuthenticationFailed"}
	at com.mongodb.internal.connection.ProtocolHelper.getCommandFailureException(ProtocolHelper.java:175)
	at com.mongodb.internal.connection.InternalStreamConnection.receiveCommandMessageResponse(InternalStreamConnection.java:358)
	at com.mongodb.internal.connection.InternalStreamConnection.sendAndReceive(InternalStreamConnection.java:279)
	at com.mongodb.internal.connection.CommandHelper.sendAndReceive(CommandHelper.java:83)
	at com.mongodb.internal.connection.CommandHelper.executeCommand(CommandHelper.java:33)
	at com.mongodb.internal.connection.SaslAuthenticator.sendSaslStart(SaslAuthenticator.java:227)
	at com.mongodb.internal.connection.SaslAuthenticator.getNextSaslResponse(SaslAuthenticator.java:134)
	... 88 common frames omitted
2021-11-22 22:50:52.268 ERROR g.servlet.DefaultGraphQLErrorHandler     : Error executing query (ExceptionWhileDataFetching): Exception while fetching data (/getEmployees) : Exception authenticating MongoCredential{mechanism=SCRAM-SHA-1, userName='admin', source='practice', password=<hidden>, mechanismProperties=<hidden>}; nested exception is com.mongodb.MongoSecurityException: Exception authenticating MongoCredential{mechanism=SCRAM-SHA-1, userName='admin', source='practice', password=<hidden>, mechanismProperties=<hidden>}
2021-11-22 22:50:55.643  INFO org.mongodb.driver.connection            : Closed connection [connectionId{localValue:4}] to localhost:27017 because there was a socket exception raised by this connection.
2021-11-22 22:50:55.644  WARN g.e.SimpleDataFetcherExceptionHandler    : Exception while fetching data (/getEmployees) : Exception authenticating MongoCredential{mechanism=SCRAM-SHA-1, userName='admin', source='practice', password=<hidden>, mechanismProperties=<hidden>}; nested exception is com.mongodb.MongoSecurityException: Exception authenticating MongoCredential{mechanism=SCRAM-SHA-1, userName='admin', source='practice', password=<hidden>, mechanismProperties=<hidden>}
org.springframework.data.mongodb.UncategorizedMongoDbException: Exception authenticating MongoCredential{mechanism=SCRAM-SHA-1, userName='admin', source='practice', password=<hidden>, mechanismProperties=<hidden>}; nested exception is com.mongodb.MongoSecurityException: Exception authenticating MongoCredential{mechanism=SCRAM-SHA-1, userName='admin', source='practice', password=<hidden>, mechanismProperties=<hidden>}
	at org.springframework.data.mongodb.core.MongoExceptionTranslator.translateExceptionIfPossible(MongoExceptionTranslator.java:140)
	at org.springframework.data.mongodb.core.MongoTemplate.potentiallyConvertRuntimeException(MongoTemplate.java:2899)
	at org.springframework.data.mongodb.core.MongoTemplate.executeFindMultiInternal(MongoTemplate.java:2824)
	at org.springframework.data.mongodb.core.MongoTemplate.findAll(MongoTemplate.java:1779)
	at org.springframework.data.mongodb.core.MongoTemplate.findAll(MongoTemplate.java:1774)
	at edu.citik.repository.impl.EmployeeRepositoryImpl.findAll(EmployeeRepositoryImpl.java:34)
	at edu.citik.service.impl.EmployeeService.findAll(EmployeeService.java:44)
	at edu.citik.resolver.employee.EmployeeQuery.getEmployees(EmployeeQuery.java:17)
	at edu.citik.resolver.employee.EmployeeQueryMethodAccess.invoke(Unknown Source)
	at com.coxautodev.graphql.tools.MethodFieldResolverDataFetcher.get(MethodFieldResolver.kt:146)
	at graphql.execution.ExecutionStrategy.fetchField(ExecutionStrategy.java:258)
	at graphql.execution.ExecutionStrategy.resolveFieldWithInfo(ExecutionStrategy.java:199)
	at graphql.execution.AsyncExecutionStrategy.execute(AsyncExecutionStrategy.java:70)
	at graphql.execution.Execution.executeOperation(Execution.java:158)
	at graphql.execution.Execution.execute(Execution.java:100)
	at graphql.GraphQL.execute(GraphQL.java:554)
	at graphql.GraphQL.parseValidateAndExecute(GraphQL.java:496)
	at graphql.GraphQL.executeAsync(GraphQL.java:470)
	at graphql.GraphQL.execute(GraphQL.java:401)
	at graphql.servlet.GraphQLQueryInvoker.query(GraphQLQueryInvoker.java:92)
	at graphql.servlet.GraphQLQueryInvoker.query(GraphQLQueryInvoker.java:88)
	at graphql.servlet.GraphQLQueryInvoker.query(GraphQLQueryInvoker.java:39)
	at graphql.servlet.AbstractGraphQLHttpServlet.query(AbstractGraphQLHttpServlet.java:265)
	at graphql.servlet.AbstractGraphQLHttpServlet.lambda$new$2(AbstractGraphQLHttpServlet.java:183)
	at graphql.servlet.AbstractGraphQLHttpServlet.doRequest(AbstractGraphQLHttpServlet.java:236)
	at graphql.servlet.AbstractGraphQLHttpServlet.doRequestAsync(AbstractGraphQLHttpServlet.java:227)
	at graphql.servlet.AbstractGraphQLHttpServlet.doPost(AbstractGraphQLHttpServlet.java:257)
	at javax.servlet.http.HttpServlet.service(HttpServlet.java:681)
	at javax.servlet.http.HttpServlet.service(HttpServlet.java:764)
	at org.apache.catalina.core.ApplicationFilterChain.internalDoFilter(ApplicationFilterChain.java:227)
	at org.apache.catalina.core.ApplicationFilterChain.doFilter(ApplicationFilterChain.java:162)
	at org.apache.tomcat.websocket.server.WsFilter.doFilter(WsFilter.java:53)
	at org.apache.catalina.core.ApplicationFilterChain.internalDoFilter(ApplicationFilterChain.java:189)
	at org.apache.catalina.core.ApplicationFilterChain.doFilter(ApplicationFilterChain.java:162)
	at org.springframework.web.filter.CorsFilter.doFilterInternal(CorsFilter.java:91)
	at org.springframework.web.filter.OncePerRequestFilter.doFilter(OncePerRequestFilter.java:119)
	at org.apache.catalina.core.ApplicationFilterChain.internalDoFilter(ApplicationFilterChain.java:189)
	at org.apache.catalina.core.ApplicationFilterChain.doFilter(ApplicationFilterChain.java:162)
	at org.springframework.web.filter.RequestContextFilter.doFilterInternal(RequestContextFilter.java:100)
	at org.springframework.web.filter.OncePerRequestFilter.doFilter(OncePerRequestFilter.java:119)
	at org.apache.catalina.core.ApplicationFilterChain.internalDoFilter(ApplicationFilterChain.java:189)
	at org.apache.catalina.core.ApplicationFilterChain.doFilter(ApplicationFilterChain.java:162)
	at org.springframework.web.filter.FormContentFilter.doFilterInternal(FormContentFilter.java:93)
	at org.springframework.web.filter.OncePerRequestFilter.doFilter(OncePerRequestFilter.java:119)
	at org.apache.catalina.core.ApplicationFilterChain.internalDoFilter(ApplicationFilterChain.java:189)
	at org.apache.catalina.core.ApplicationFilterChain.doFilter(ApplicationFilterChain.java:162)
	at org.springframework.web.filter.CharacterEncodingFilter.doFilterInternal(CharacterEncodingFilter.java:201)
	at org.springframework.web.filter.OncePerRequestFilter.doFilter(OncePerRequestFilter.java:119)
	at org.apache.catalina.core.ApplicationFilterChain.internalDoFilter(ApplicationFilterChain.java:189)
	at org.apache.catalina.core.ApplicationFilterChain.doFilter(ApplicationFilterChain.java:162)
	at org.apache.catalina.core.StandardWrapperValve.invoke(StandardWrapperValve.java:197)
	at org.apache.catalina.core.StandardContextValve.invoke(StandardContextValve.java:97)
	at org.apache.catalina.authenticator.AuthenticatorBase.invoke(AuthenticatorBase.java:540)
	at org.apache.catalina.core.StandardHostValve.invoke(StandardHostValve.java:135)
	at org.apache.catalina.valves.ErrorReportValve.invoke(ErrorReportValve.java:92)
	at org.apache.catalina.core.StandardEngineValve.invoke(StandardEngineValve.java:78)
	at org.apache.catalina.connector.CoyoteAdapter.service(CoyoteAdapter.java:357)
	at org.apache.coyote.http11.Http11Processor.service(Http11Processor.java:382)
	at org.apache.coyote.AbstractProcessorLight.process(AbstractProcessorLight.java:65)
	at org.apache.coyote.AbstractProtocol$ConnectionHandler.process(AbstractProtocol.java:895)
	at org.apache.tomcat.util.net.NioEndpoint$SocketProcessor.doRun(NioEndpoint.java:1722)
	at org.apache.tomcat.util.net.SocketProcessorBase.run(SocketProcessorBase.java:49)
	at org.apache.tomcat.util.threads.ThreadPoolExecutor.runWorker(ThreadPoolExecutor.java:1191)
	at org.apache.tomcat.util.threads.ThreadPoolExecutor$Worker.run(ThreadPoolExecutor.java:659)
	at org.apache.tomcat.util.threads.TaskThread$WrappingRunnable.run(TaskThread.java:61)
	at java.base/java.lang.Thread.run(Thread.java:829)
Caused by: com.mongodb.MongoSecurityException: Exception authenticating MongoCredential{mechanism=SCRAM-SHA-1, userName='admin', source='practice', password=<hidden>, mechanismProperties=<hidden>}
	at com.mongodb.internal.connection.SaslAuthenticator.wrapException(SaslAuthenticator.java:271)
	at com.mongodb.internal.connection.SaslAuthenticator.getNextSaslResponse(SaslAuthenticator.java:136)
	at com.mongodb.internal.connection.SaslAuthenticator.access$100(SaslAuthenticator.java:47)
	at com.mongodb.internal.connection.SaslAuthenticator$1.run(SaslAuthenticator.java:62)
	at com.mongodb.internal.connection.SaslAuthenticator$1.run(SaslAuthenticator.java:56)
	at com.mongodb.internal.connection.SaslAuthenticator.doAsSubject(SaslAuthenticator.java:278)
	at com.mongodb.internal.connection.SaslAuthenticator.authenticate(SaslAuthenticator.java:56)
	at com.mongodb.internal.connection.DefaultAuthenticator.authenticate(DefaultAuthenticator.java:53)
	at com.mongodb.internal.connection.InternalStreamConnectionInitializer.authenticate(InternalStreamConnectionInitializer.java:168)
	at com.mongodb.internal.connection.InternalStreamConnectionInitializer.initialize(InternalStreamConnectionInitializer.java:63)
	at com.mongodb.internal.connection.InternalStreamConnection.open(InternalStreamConnection.java:144)
	at com.mongodb.internal.connection.UsageTrackingInternalConnection.open(UsageTrackingInternalConnection.java:51)
	at com.mongodb.internal.connection.DefaultConnectionPool$PooledConnection.open(DefaultConnectionPool.java:431)
	at com.mongodb.internal.connection.DefaultConnectionPool.get(DefaultConnectionPool.java:115)
	at com.mongodb.internal.connection.DefaultConnectionPool.get(DefaultConnectionPool.java:100)
	at com.mongodb.internal.connection.DefaultServer.getConnection(DefaultServer.java:96)
	at com.mongodb.internal.binding.ClusterBinding$ClusterBindingConnectionSource.getConnection(ClusterBinding.java:123)
	at com.mongodb.client.internal.ClientSessionBinding$SessionBindingConnectionSource.getConnection(ClientSessionBinding.java:135)
	at com.mongodb.internal.operation.FindOperation$1.call(FindOperation.java:655)
	at com.mongodb.internal.operation.FindOperation$1.call(FindOperation.java:652)
	at com.mongodb.internal.operation.OperationHelper.withReadConnectionSource(OperationHelper.java:583)
	at com.mongodb.internal.operation.FindOperation.execute(FindOperation.java:652)
	at com.mongodb.internal.operation.FindOperation.execute(FindOperation.java:80)
	at com.mongodb.client.internal.MongoClientDelegate$DelegateOperationExecutor.execute(MongoClientDelegate.java:170)
	at com.mongodb.client.internal.MongoIterableImpl.execute(MongoIterableImpl.java:135)
	at com.mongodb.client.internal.MongoIterableImpl.iterator(MongoIterableImpl.java:92)
	at org.springframework.data.mongodb.core.MongoTemplate.executeFindMultiInternal(MongoTemplate.java:2807)
	... 63 common frames omitted
Caused by: com.mongodb.MongoCommandException: Command failed with error 18 (AuthenticationFailed): 'Authentication failed.' on server localhost:27017. The full response is {"ok": 0.0, "errmsg": "Authentication failed.", "code": 18, "codeName": "AuthenticationFailed"}
	at com.mongodb.internal.connection.ProtocolHelper.getCommandFailureException(ProtocolHelper.java:175)
	at com.mongodb.internal.connection.InternalStreamConnection.receiveCommandMessageResponse(InternalStreamConnection.java:358)
	at com.mongodb.internal.connection.InternalStreamConnection.sendAndReceive(InternalStreamConnection.java:279)
	at com.mongodb.internal.connection.CommandHelper.sendAndReceive(CommandHelper.java:83)
	at com.mongodb.internal.connection.CommandHelper.executeCommand(CommandHelper.java:33)
	at com.mongodb.internal.connection.SaslAuthenticator.sendSaslStart(SaslAuthenticator.java:227)
	at com.mongodb.internal.connection.SaslAuthenticator.getNextSaslResponse(SaslAuthenticator.java:134)
	... 88 common frames omitted
2021-11-22 22:50:55.644 ERROR g.servlet.DefaultGraphQLErrorHandler     : Error executing query (ExceptionWhileDataFetching): Exception while fetching data (/getEmployees) : Exception authenticating MongoCredential{mechanism=SCRAM-SHA-1, userName='admin', source='practice', password=<hidden>, mechanismProperties=<hidden>}; nested exception is com.mongodb.MongoSecurityException: Exception authenticating MongoCredential{mechanism=SCRAM-SHA-1, userName='admin', source='practice', password=<hidden>, mechanismProperties=<hidden>}
2021-11-22 22:52:25.857  INFO edu.citik.EndpointApplication            : Starting EndpointApplication using Java 11.0.12 on avtimofeev-Nitro-AN515-44 with PID 14030 (/home/avtimofeev/IdeaProjects/backendv3/target/classes started by avtimofeev in /home/avtimofeev/IdeaProjects/backendv3)
2021-11-22 22:52:25.860  INFO edu.citik.EndpointApplication            : The following profiles are active: dev
2021-11-22 22:52:26.487  INFO .s.d.r.c.RepositoryConfigurationDelegate : Bootstrapping Spring Data MongoDB repositories in DEFAULT mode.
2021-11-22 22:52:26.500  INFO .s.d.r.c.RepositoryConfigurationDelegate : Finished Spring Data repository scanning in 10 ms. Found 0 MongoDB repository interfaces.
2021-11-22 22:52:26.866  INFO o.s.b.w.embedded.tomcat.TomcatWebServer  : Tomcat initialized with port(s): 8081 (http)
2021-11-22 22:52:26.873  INFO o.a.coyote.http11.Http11NioProtocol      : Initializing ProtocolHandler ["http-nio-8081"]
2021-11-22 22:52:26.873  INFO o.apache.catalina.core.StandardService   : Starting service [Tomcat]
2021-11-22 22:52:26.874  INFO org.apache.catalina.core.StandardEngine  : Starting Servlet engine: [Apache Tomcat/9.0.54]
2021-11-22 22:52:26.923  INFO o.a.c.c.C.[Tomcat].[localhost].[/]       : Initializing Spring embedded WebApplicationContext
2021-11-22 22:52:26.924  INFO w.s.c.ServletWebServerApplicationContext : Root WebApplicationContext: initialization completed in 1022 ms
2021-11-22 22:52:27.511  INFO org.mongodb.driver.cluster               : Cluster created with settings {hosts=[127.0.0.1:27017], srvHost=cluster0.1n342.mongodb.net, mode=MULTIPLE, requiredClusterType=REPLICA_SET, serverSelectionTimeout='30000 ms', requiredReplicaSetName='atlas-x3yl9q-shard-0'}
2021-11-22 22:52:28.214  INFO o.a.coyote.http11.Http11NioProtocol      : Starting ProtocolHandler ["http-nio-8081"]
2021-11-22 22:52:28.222  INFO o.s.b.w.embedded.tomcat.TomcatWebServer  : Tomcat started on port(s): 8081 (http) with context path ''
2021-11-22 22:52:28.236  INFO edu.citik.EndpointApplication            : Started EndpointApplication in 2.756 seconds (JVM running for 3.316)
2021-11-22 22:52:31.861  INFO org.mongodb.driver.cluster               : Cluster description not yet available. Waiting for 30000 ms before timing out
2021-11-22 22:52:32.747  INFO org.mongodb.driver.cluster               : Adding discovered server cluster0-shard-00-02.1n342.mongodb.net:27017 to client view of cluster
2021-11-22 22:52:32.769  INFO org.mongodb.driver.cluster               : Adding discovered server cluster0-shard-00-01.1n342.mongodb.net:27017 to client view of cluster
2021-11-22 22:52:32.771  INFO org.mongodb.driver.cluster               : Adding discovered server cluster0-shard-00-00.1n342.mongodb.net:27017 to client view of cluster
2021-11-22 22:52:32.778  INFO org.mongodb.driver.cluster               : No server chosen by com.mongodb.client.internal.MongoClientDelegate$1@fd3882e from cluster description ClusterDescription{type=REPLICA_SET, connectionMode=MULTIPLE, serverDescriptions=[ServerDescription{address=cluster0-shard-00-02.1n342.mongodb.net:27017, type=UNKNOWN, state=CONNECTING}, ServerDescription{address=cluster0-shard-00-01.1n342.mongodb.net:27017, type=UNKNOWN, state=CONNECTING}, ServerDescription{address=cluster0-shard-00-00.1n342.mongodb.net:27017, type=UNKNOWN, state=CONNECTING}]}. Waiting for 30000 ms before timing out
2021-11-22 22:52:33.826  INFO org.mongodb.driver.connection            : Opened connection [connectionId{localValue:6, serverValue:112187}] to cluster0-shard-00-01.1n342.mongodb.net:27017
2021-11-22 22:52:33.826  INFO org.mongodb.driver.connection            : Opened connection [connectionId{localValue:2, serverValue:112920}] to cluster0-shard-00-00.1n342.mongodb.net:27017
2021-11-22 22:52:33.826  INFO org.mongodb.driver.connection            : Opened connection [connectionId{localValue:4, serverValue:115626}] to cluster0-shard-00-02.1n342.mongodb.net:27017
2021-11-22 22:52:33.826  INFO org.mongodb.driver.connection            : Opened connection [connectionId{localValue:5, serverValue:112187}] to cluster0-shard-00-01.1n342.mongodb.net:27017
2021-11-22 22:52:33.826  INFO org.mongodb.driver.connection            : Opened connection [connectionId{localValue:1, serverValue:115626}] to cluster0-shard-00-02.1n342.mongodb.net:27017
2021-11-22 22:52:33.826  INFO org.mongodb.driver.connection            : Opened connection [connectionId{localValue:3, serverValue:112920}] to cluster0-shard-00-00.1n342.mongodb.net:27017
2021-11-22 22:52:33.828  INFO org.mongodb.driver.cluster               : Monitor thread successfully connected to server with description ServerDescription{address=cluster0-shard-00-00.1n342.mongodb.net:27017, type=REPLICA_SET_SECONDARY, state=CONNECTED, ok=true, minWireVersion=0, maxWireVersion=9, maxDocumentSize=16777216, logicalSessionTimeoutMinutes=30, roundTripTimeNanos=424749841, setName='atlas-x3yl9q-shard-0', canonicalAddress=cluster0-shard-00-00.1n342.mongodb.net:27017, hosts=[cluster0-shard-00-00.1n342.mongodb.net:27017, cluster0-shard-00-02.1n342.mongodb.net:27017, cluster0-shard-00-01.1n342.mongodb.net:27017], passives=[], arbiters=[], primary='cluster0-shard-00-01.1n342.mongodb.net:27017', tagSet=TagSet{[Tag{name='nodeType', value='ELECTABLE'}, Tag{name='provider', value='AZURE'}, Tag{name='region', value='EUROPE_WEST'}, Tag{name='workloadType', value='OPERATIONAL'}]}, electionId=null, setVersion=6, topologyVersion=TopologyVersion{processId=6195519778ccfbf70aad64d5, counter=5}, lastWriteDate=Mon Nov 22 22:52:33 MSK 2021, lastUpdateTimeNanos=5579594885832}
2021-11-22 22:52:33.828  INFO org.mongodb.driver.cluster               : Monitor thread successfully connected to server with description ServerDescription{address=cluster0-shard-00-02.1n342.mongodb.net:27017, type=REPLICA_SET_SECONDARY, state=CONNECTED, ok=true, minWireVersion=0, maxWireVersion=9, maxDocumentSize=16777216, logicalSessionTimeoutMinutes=30, roundTripTimeNanos=411056585, setName='atlas-x3yl9q-shard-0', canonicalAddress=cluster0-shard-00-02.1n342.mongodb.net:27017, hosts=[cluster0-shard-00-00.1n342.mongodb.net:27017, cluster0-shard-00-02.1n342.mongodb.net:27017, cluster0-shard-00-01.1n342.mongodb.net:27017], passives=[], arbiters=[], primary='cluster0-shard-00-01.1n342.mongodb.net:27017', tagSet=TagSet{[Tag{name='nodeType', value='ELECTABLE'}, Tag{name='provider', value='AZURE'}, Tag{name='region', value='EUROPE_WEST'}, Tag{name='workloadType', value='OPERATIONAL'}]}, electionId=null, setVersion=6, topologyVersion=TopologyVersion{processId=619553554315f69b37de6d04, counter=8}, lastWriteDate=Mon Nov 22 22:52:33 MSK 2021, lastUpdateTimeNanos=5579594885832}
2021-11-22 22:52:33.828  INFO org.mongodb.driver.cluster               : Monitor thread successfully connected to server with description ServerDescription{address=cluster0-shard-00-01.1n342.mongodb.net:27017, type=REPLICA_SET_PRIMARY, state=CONNECTED, ok=true, minWireVersion=0, maxWireVersion=9, maxDocumentSize=16777216, logicalSessionTimeoutMinutes=30, roundTripTimeNanos=410395802, setName='atlas-x3yl9q-shard-0', canonicalAddress=cluster0-shard-00-01.1n342.mongodb.net:27017, hosts=[cluster0-shard-00-00.1n342.mongodb.net:27017, cluster0-shard-00-02.1n342.mongodb.net:27017, cluster0-shard-00-01.1n342.mongodb.net:27017], passives=[], arbiters=[], primary='cluster0-shard-00-01.1n342.mongodb.net:27017', tagSet=TagSet{[Tag{name='nodeType', value='ELECTABLE'}, Tag{name='provider', value='AZURE'}, Tag{name='region', value='EUROPE_WEST'}, Tag{name='workloadType', value='OPERATIONAL'}]}, electionId=7fffffff0000000000000057, setVersion=6, topologyVersion=TopologyVersion{processId=619553e54b31d7fccf2f3495, counter=6}, lastWriteDate=Mon Nov 22 22:52:33 MSK 2021, lastUpdateTimeNanos=5579594885832}
2021-11-22 22:52:33.831  INFO org.mongodb.driver.cluster               : Setting max election id to 7fffffff0000000000000057 from replica set primary cluster0-shard-00-01.1n342.mongodb.net:27017
2021-11-22 22:52:33.831  INFO org.mongodb.driver.cluster               : Setting max set version to 6 from replica set primary cluster0-shard-00-01.1n342.mongodb.net:27017
2021-11-22 22:52:33.831  INFO org.mongodb.driver.cluster               : Discovered replica set primary cluster0-shard-00-01.1n342.mongodb.net:27017
2021-11-22 22:52:34.199  INFO org.mongodb.driver.connection            : Opened connection [connectionId{localValue:7, serverValue:112189}] to cluster0-shard-00-01.1n342.mongodb.net:27017
